<?xml version="1.0" encoding="UTF-8"?>
<Site BuildName="Win32-mingw32-make"
	BuildStamp="20240123-1639-Experimental"
	Name="WDV-2325-98"
	Generator="ctest-3.28.1"
	CompilerName="C:/msys64/ucrt64/bin/g++.exe"
	CompilerVersion="13.1.0"
	OSName="Windows"
	Hostname="WDV-2325-98"
	OSRelease=" Server"
	OSVersion=" (Build 20348)"
	OSPlatform="AMD64"
	Is64Bits="1"
	VendorString="GenuineIntel"
	VendorID="Intel Corporation"
	FamilyID="6"
	ModelID="5"
	ProcessorCacheSize="-1"
	NumberOfLogicalCPU="8"
	NumberOfPhysicalCPU="8"
	TotalVirtualMemory="18815"
	TotalPhysicalMemory="16383"
	LogicalProcessorsPerPhysical="1"
	ProcessorClockFrequency="2593"
	>
	<Testing>
		<StartDateTime>Jan 23 17:40 ora solare Europa occidentale</StartDateTime>
		<StartTestTime>1706028001</StartTestTime>
		<TestList/>
		<EndDateTime>Jan 23 17:40 ora solare Europa occidentale</EndDateTime>
		<EndTestTime>1706028001</EndTestTime>
		<ElapsedMinutes>0</ElapsedMinutes>
	</Testing>
</Site>
